mode: set
github.com/BigDwarf/testci/internal/application/app.go:26.20,33.2 2 0
github.com/BigDwarf/testci/internal/application/app.go:35.31,38.12 2 0
github.com/BigDwarf/testci/internal/application/app.go:38.12,39.79 1 0
github.com/BigDwarf/testci/internal/application/app.go:39.79,41.4 1 0
github.com/BigDwarf/testci/internal/application/app.go:44.2,44.12 1 0
github.com/BigDwarf/testci/internal/application/app.go:47.43,49.16 2 0
github.com/BigDwarf/testci/internal/application/app.go:49.16,51.3 1 0
github.com/BigDwarf/testci/internal/application/app.go:54.34,60.2 4 0
github.com/BigDwarf/testci/internal/application/database.go:9.46,10.19 1 0
github.com/BigDwarf/testci/internal/application/database.go:10.19,12.3 1 0
github.com/BigDwarf/testci/internal/application/database.go:14.2,15.16 2 0
github.com/BigDwarf/testci/internal/application/database.go:15.16,16.13 1 0
github.com/BigDwarf/testci/internal/application/database.go:19.2,21.11 2 0
github.com/BigDwarf/testci/internal/config/config.go:27.36,37.2 1 0
github.com/BigDwarf/testci/internal/config/config.go:39.33,54.2 1 0
github.com/BigDwarf/testci/cmd/main.go:14.13,21.36 5 0
github.com/BigDwarf/testci/cmd/main.go:21.36,22.24 1 0
github.com/BigDwarf/testci/cmd/main.go:24.2,29.15 4 0
github.com/BigDwarf/testci/internal/model/satellite.go:12.46,14.16 2 0
github.com/BigDwarf/testci/internal/model/satellite.go:14.16,16.3 1 0
github.com/BigDwarf/testci/internal/model/satellite.go:18.2,18.17 1 0
github.com/BigDwarf/testci/internal/model/satellite.go:21.45,24.16 3 0
github.com/BigDwarf/testci/internal/model/satellite.go:24.16,26.3 1 0
github.com/BigDwarf/testci/internal/model/satellite.go:28.2,30.12 2 0
github.com/BigDwarf/testci/internal/repository/satellite/repository.go:13.44,17.2 1 1
github.com/BigDwarf/testci/internal/repository/satellite/repository.go:19.75,21.16 2 1
github.com/BigDwarf/testci/internal/repository/satellite/repository.go:21.16,23.3 1 0
github.com/BigDwarf/testci/internal/repository/satellite/repository.go:25.2,25.12 1 1
github.com/BigDwarf/testci/internal/repository/satellite/repository.go:28.92,32.16 3 0
github.com/BigDwarf/testci/internal/repository/satellite/repository.go:32.16,34.3 1 0
github.com/BigDwarf/testci/internal/repository/satellite/repository.go:36.2,36.16 1 0
github.com/BigDwarf/testci/internal/transport/http/v1/controller.go:17.55,23.2 2 0
github.com/BigDwarf/testci/internal/transport/http/v1/get.go:8.52,12.16 3 0
github.com/BigDwarf/testci/internal/transport/http/v1/get.go:12.16,14.3 1 0
github.com/BigDwarf/testci/internal/transport/http/v1/get.go:16.2,16.43 1 0
github.com/BigDwarf/testci/internal/service/satellite/service.go:30.70,35.2 1 0
github.com/BigDwarf/testci/internal/service/satellite/service.go:37.98,40.16 3 0
github.com/BigDwarf/testci/internal/service/satellite/service.go:40.16,42.3 1 0
github.com/BigDwarf/testci/internal/service/satellite/service.go:44.2,44.32 1 0
github.com/BigDwarf/testci/internal/service/satellite/service.go:44.32,46.3 1 0
github.com/BigDwarf/testci/internal/service/satellite/service.go:48.2,49.16 2 0
github.com/BigDwarf/testci/internal/service/satellite/service.go:49.16,51.3 1 0
github.com/BigDwarf/testci/internal/service/satellite/service.go:53.2,53.23 1 0
github.com/BigDwarf/testci/internal/service/cache/cache.go:18.52,20.2 1 1
github.com/BigDwarf/testci/internal/service/cache/cache.go:22.98,24.16 2 1
github.com/BigDwarf/testci/internal/service/cache/cache.go:24.16,26.3 1 0
github.com/BigDwarf/testci/internal/service/cache/cache.go:28.2,29.16 2 1
github.com/BigDwarf/testci/internal/service/cache/cache.go:29.16,31.3 1 0
github.com/BigDwarf/testci/internal/service/cache/cache.go:33.2,33.12 1 1
github.com/BigDwarf/testci/internal/service/cache/cache.go:36.101,39.32 2 0
github.com/BigDwarf/testci/internal/service/cache/cache.go:39.32,41.17 2 0
github.com/BigDwarf/testci/internal/service/cache/cache.go:41.17,43.4 1 0
github.com/BigDwarf/testci/internal/service/cache/cache.go:45.3,45.47 1 0
github.com/BigDwarf/testci/internal/service/cache/cache.go:48.2,49.16 2 0
github.com/BigDwarf/testci/internal/service/cache/cache.go:49.16,51.3 1 0
github.com/BigDwarf/testci/internal/service/cache/cache.go:53.2,53.12 1 0
github.com/BigDwarf/testci/internal/service/cache/cache.go:56.78,58.16 2 0
github.com/BigDwarf/testci/internal/service/cache/cache.go:58.16,60.3 1 0
github.com/BigDwarf/testci/internal/service/cache/cache.go:62.2,63.16 2 0
github.com/BigDwarf/testci/internal/service/cache/cache.go:63.16,65.3 1 0
github.com/BigDwarf/testci/internal/service/cache/cache.go:67.2,67.12 1 0
